[debug] [2025-03-28T02:06:43.536Z] ----------------------------------------------------------------------
[debug] [2025-03-28T02:06:43.539Z] Command:       C:\Program Files\nodejs\node.exe C:\Users\USUARIO\AppData\Roaming\npm\node_modules\firebase-tools\lib\bin\firebase.js init
[debug] [2025-03-28T02:06:43.539Z] CLI Version:   14.0.0
[debug] [2025-03-28T02:06:43.539Z] Platform:      win32
[debug] [2025-03-28T02:06:43.539Z] Node Version:  v22.13.0
[debug] [2025-03-28T02:06:43.540Z] Time:          Thu Mar 27 2025 20:06:43 GMT-0600 (hora estándar central)
[debug] [2025-03-28T02:06:43.540Z] ----------------------------------------------------------------------
[debug] 
[debug] [2025-03-28T02:06:43.728Z] > command requires scopes: ["email","openid","https://www.googleapis.com/auth/cloudplatformprojects.readonly","https://www.googleapis.com/auth/firebase","https://www.googleapis.com/auth/cloud-platform"]
[debug] [2025-03-28T02:06:43.728Z] > authorizing via signed-in user (xeladark14@gmail.com)
[info] 
     ######## #### ########  ######## ########     ###     ######  ########
     ##        ##  ##     ## ##       ##     ##  ##   ##  ##       ##
     ######    ##  ########  ######   ########  #########  ######  ######
     ##        ##  ##    ##  ##       ##     ## ##     ##       ## ##
     ##       #### ##     ## ######## ########  ##     ##  ######  ########

You're about to initialize a Firebase project in this directory:

  C:\Users\USUARIO\Desktop\Shadow\UASLP\Semestre_8\Web_Escalables\TvShows\TVShowSystemFE

Before we get started, keep in mind:

  * You are initializing within an existing Firebase project directory

[info] 
=== Project Setup
[info] 
[info] First, let's associate this project directory with a Firebase project.
[info] You can create multiple project aliases by running firebase use --add, 
[info] but for now we'll just set up a default project.
[info] 
[debug] [2025-03-28T02:06:49.882Z] Using project from CLI flag: tvshows-dc450
[debug] [2025-03-28T02:06:49.883Z] Checked if tokens are valid: false, expires at: 1740104934750
[debug] [2025-03-28T02:06:49.883Z] Checked if tokens are valid: false, expires at: 1740104934750
[debug] [2025-03-28T02:06:49.883Z] > refreshing access token with scopes: []
[debug] [2025-03-28T02:06:49.885Z] >>> [apiv2][query] POST https://www.googleapis.com/oauth2/v3/token [none]
[debug] [2025-03-28T02:06:49.885Z] >>> [apiv2][body] POST https://www.googleapis.com/oauth2/v3/token [omitted]
[debug] [2025-03-28T02:06:50.198Z] <<< [apiv2][status] POST https://www.googleapis.com/oauth2/v3/token 200
[debug] [2025-03-28T02:06:50.198Z] <<< [apiv2][body] POST https://www.googleapis.com/oauth2/v3/token [omitted]
[debug] [2025-03-28T02:06:50.210Z] >>> [apiv2][query] GET https://firebase.googleapis.com/v1beta1/projects/tvshows-dc450 [none]
[debug] [2025-03-28T02:06:50.504Z] <<< [apiv2][status] GET https://firebase.googleapis.com/v1beta1/projects/tvshows-dc450 403
[debug] [2025-03-28T02:06:50.504Z] <<< [apiv2][body] GET https://firebase.googleapis.com/v1beta1/projects/tvshows-dc450 {"error":{"code":403,"message":"The caller does not have permission","status":"PERMISSION_DENIED"}}
[debug] [2025-03-28T02:06:50.504Z] Request to https://firebase.googleapis.com/v1beta1/projects/tvshows-dc450 had HTTP Error: 403, The caller does not have permission
[debug] [2025-03-28T02:06:50.695Z] FirebaseError: Request to https://firebase.googleapis.com/v1beta1/projects/tvshows-dc450 had HTTP Error: 403, The caller does not have permission
    at responseToError (C:\Users\USUARIO\AppData\Roaming\npm\node_modules\firebase-tools\lib\responseToError.js:52:12)
    at RetryOperation._fn (C:\Users\USUARIO\AppData\Roaming\npm\node_modules\firebase-tools\lib\apiv2.js:312:77)
    at process.processTicksAndRejections (node:internal/process/task_queues:105:5)
[error] 
[error] Error: Failed to get Firebase project tvshows-dc450. Please make sure the project exists and your account has permission to access it.
